2022-02-28 07:08:15.712  INFO [customer,,] 8432 --- [restartedMain] c.m.customer.CustomerApplication         : Starting CustomerApplication using Java 17.0.2 on MDB22LT465 with PID 8432 (D:\Spring\MicroService Demo1\customer\target\classes started by vishnup in D:\Spring\MicroService Demo1)
2022-02-28 07:08:15.815  INFO [customer,,] 8432 --- [restartedMain] c.m.customer.CustomerApplication         : No active profile set, falling back to default profiles: default
2022-02-28 07:08:16.017  INFO [customer,,] 8432 --- [restartedMain] .e.DevToolsPropertyDefaultsPostProcessor : Devtools property defaults active! Set 'spring.devtools.add-properties' to 'false' to disable
2022-02-28 07:08:16.018  INFO [customer,,] 8432 --- [restartedMain] .e.DevToolsPropertyDefaultsPostProcessor : For additional web related logging consider setting the 'logging.level.web' property to 'DEBUG'
2022-02-28 07:08:19.637  INFO [customer,,] 8432 --- [restartedMain] .s.d.r.c.RepositoryConfigurationDelegate : Bootstrapping Spring Data MongoDB repositories in DEFAULT mode.
2022-02-28 07:08:19.931  INFO [customer,,] 8432 --- [restartedMain] .s.d.r.c.RepositoryConfigurationDelegate : Finished Spring Data repository scanning in 285 ms. Found 2 MongoDB repository interfaces.
2022-02-28 07:08:20.229  WARN [customer,,] 8432 --- [restartedMain] o.s.boot.actuate.endpoint.EndpointId     : Endpoint ID 'hystrix.stream' contains invalid characters, please migrate to a valid format.
2022-02-28 07:08:20.637  INFO [customer,,] 8432 --- [restartedMain] o.s.cloud.context.scope.GenericScope     : BeanFactory id=da656ba6-ea2d-35b8-8548-2e9ea11c7dcd
2022-02-28 07:08:25.158  WARN [customer,,] 8432 --- [restartedMain] c.n.c.sources.URLConfigurationSource     : No URLs will be polled as dynamic configuration sources.
2022-02-28 07:08:25.162  INFO [customer,,] 8432 --- [restartedMain] c.n.c.sources.URLConfigurationSource     : To enable URLs as dynamic configuration sources, define System property archaius.configurationSource.additionalUrls or make config.properties available on classpath.
2022-02-28 07:08:25.339  INFO [customer,,] 8432 --- [restartedMain] c.netflix.config.DynamicPropertyFactory  : DynamicPropertyFactory is initialized with configuration sources: com.netflix.config.ConcurrentCompositeConfiguration@992a5c2
2022-02-28 07:08:28.195  INFO [customer,,] 8432 --- [restartedMain] org.mongodb.driver.cluster               : Cluster created with settings {hosts=[localhost:27017], mode=SINGLE, requiredClusterType=UNKNOWN, serverSelectionTimeout='30000 ms'}
2022-02-28 07:08:28.396  INFO [customer,,] 8432 --- [cluster-ClusterId{value='621c27943f10c636577a7fae', description='null'}-localhost:27017] org.mongodb.driver.connection            : Opened connection [connectionId{localValue:2, serverValue:74}] to localhost:27017
2022-02-28 07:08:28.398  INFO [customer,,] 8432 --- [cluster-rtt-ClusterId{value='621c27943f10c636577a7fae', description='null'}-localhost:27017] org.mongodb.driver.connection            : Opened connection [connectionId{localValue:1, serverValue:75}] to localhost:27017
2022-02-28 07:08:28.398  INFO [customer,,] 8432 --- [cluster-ClusterId{value='621c27943f10c636577a7fae', description='null'}-localhost:27017] org.mongodb.driver.cluster               : Monitor thread successfully connected to server with description ServerDescription{address=localhost:27017, type=STANDALONE, state=CONNECTED, ok=true, minWireVersion=0, maxWireVersion=13, maxDocumentSize=16777216, logicalSessionTimeoutMinutes=30, roundTripTimeNanos=70280000}
2022-02-28 07:08:28.604  WARN [customer,,] 8432 --- [restartedMain] o.s.data.convert.CustomConversions       : Registering converter from class java.time.LocalDateTime to class org.joda.time.LocalDateTime as reading converter although it doesn't convert from a store-supported type! You might want to check your annotation setup at the converter implementation.
2022-02-28 07:08:28.885  WARN [customer,,] 8432 --- [restartedMain] o.s.data.convert.CustomConversions       : Registering converter from class java.time.LocalDateTime to class org.joda.time.LocalDateTime as reading converter although it doesn't convert from a store-supported type! You might want to check your annotation setup at the converter implementation.
2022-02-28 07:08:32.041  INFO [customer,,] 8432 --- [restartedMain] o.s.b.w.embedded.tomcat.TomcatWebServer  : Tomcat initialized with port(s): 8070 (http)
2022-02-28 07:08:32.061  INFO [customer,,] 8432 --- [restartedMain] o.apache.catalina.core.StandardService   : Starting service [Tomcat]
2022-02-28 07:08:32.062  INFO [customer,,] 8432 --- [restartedMain] org.apache.catalina.core.StandardEngine  : Starting Servlet engine: [Apache Tomcat/9.0.56]
2022-02-28 07:08:32.377  INFO [customer,,] 8432 --- [restartedMain] o.a.c.c.C.[Tomcat].[localhost].[/]       : Initializing Spring embedded WebApplicationContext
2022-02-28 07:08:32.377  INFO [customer,,] 8432 --- [restartedMain] w.s.c.ServletWebServerApplicationContext : Root WebApplicationContext: initialization completed in 16358 ms
2022-02-28 07:08:32.701  INFO [customer,,] 8432 --- [restartedMain] o.s.b.a.e.web.ServletEndpointRegistrar   : Registered '/actuator/hystrix.stream' to hystrix.stream-actuator-endpoint
2022-02-28 07:08:32.827  WARN [customer,,] 8432 --- [restartedMain] o.s.b.d.a.OptionalLiveReloadServer       : Unable to start LiveReload server
2022-02-28 07:08:33.751  INFO [customer,,] 8432 --- [restartedMain] o.s.c.openfeign.FeignClientFactoryBean   : For 'account' URL not provided. Will try picking an instance via load-balancing.
2022-02-28 07:08:33.941  WARN [customer,,] 8432 --- [restartedMain] c.n.c.sources.URLConfigurationSource     : No URLs will be polled as dynamic configuration sources.
2022-02-28 07:08:33.941  INFO [customer,,] 8432 --- [restartedMain] c.n.c.sources.URLConfigurationSource     : To enable URLs as dynamic configuration sources, define System property archaius.configurationSource.additionalUrls or make config.properties available on classpath.
2022-02-28 07:08:40.047  INFO [customer,,] 8432 --- [restartedMain] DiscoveryClientOptionalArgsConfiguration : Eureka HTTP Client uses RestTemplate.
2022-02-28 07:08:40.726  WARN [customer,,] 8432 --- [restartedMain] iguration$LoadBalancerCaffeineWarnLogger : Spring Cloud LoadBalancer is currently working with the default cache. You can switch to using Caffeine cache, by adding it and org.springframework.cache.caffeine.CaffeineCacheManager to the classpath.
2022-02-28 07:08:41.054  INFO [customer,,] 8432 --- [restartedMain] o.s.b.a.e.web.EndpointLinksResolver      : Exposing 20 endpoint(s) beneath base path '/actuator'
2022-02-28 07:08:41.370  INFO [customer,,] 8432 --- [restartedMain] o.s.c.n.eureka.InstanceInfoFactory       : Setting initial instance status as: STARTING
2022-02-28 07:08:41.672  INFO [customer,,] 8432 --- [restartedMain] com.netflix.discovery.DiscoveryClient    : Initializing Eureka in region us-east-1
2022-02-28 07:08:41.692  INFO [customer,,] 8432 --- [restartedMain] c.n.d.s.r.aws.ConfigClusterResolver      : Resolving eureka endpoints via configuration
2022-02-28 07:08:41.816  INFO [customer,,] 8432 --- [restartedMain] com.netflix.discovery.DiscoveryClient    : Disable delta property : false
2022-02-28 07:08:41.816  INFO [customer,,] 8432 --- [restartedMain] com.netflix.discovery.DiscoveryClient    : Single vip registry refresh property : null
2022-02-28 07:08:41.817  INFO [customer,,] 8432 --- [restartedMain] com.netflix.discovery.DiscoveryClient    : Force full registry fetch : false
2022-02-28 07:08:41.818  INFO [customer,,] 8432 --- [restartedMain] com.netflix.discovery.DiscoveryClient    : Application is null : false
2022-02-28 07:08:41.818  INFO [customer,,] 8432 --- [restartedMain] com.netflix.discovery.DiscoveryClient    : Registered Applications size is zero : true
2022-02-28 07:08:41.818  INFO [customer,,] 8432 --- [restartedMain] com.netflix.discovery.DiscoveryClient    : Application version is -1: true
2022-02-28 07:08:41.819  INFO [customer,,] 8432 --- [restartedMain] com.netflix.discovery.DiscoveryClient    : Getting all instance registry info from the eureka server
2022-02-28 07:08:43.022  INFO [customer,,] 8432 --- [restartedMain] com.netflix.discovery.DiscoveryClient    : The response status is 200
2022-02-28 07:08:43.029  INFO [customer,,] 8432 --- [restartedMain] com.netflix.discovery.DiscoveryClient    : Starting heartbeat executor: renew interval is: 30
2022-02-28 07:08:43.034  INFO [customer,,] 8432 --- [restartedMain] c.n.discovery.InstanceInfoReplicator     : InstanceInfoReplicator onDemand update allowed rate per min is 4
2022-02-28 07:08:43.047  INFO [customer,,] 8432 --- [restartedMain] com.netflix.discovery.DiscoveryClient    : Discovery Client initialized at timestamp 1646012323044 with initial instances count: 2
2022-02-28 07:08:43.094  INFO [customer,,] 8432 --- [restartedMain] o.s.c.n.e.s.EurekaServiceRegistry        : Registering application CUSTOMER with eureka with status UP
2022-02-28 07:08:43.096  INFO [customer,,] 8432 --- [restartedMain] com.netflix.discovery.DiscoveryClient    : Saw local status change event StatusChangeEvent [timestamp=1646012323096, current=UP, previous=STARTING]
2022-02-28 07:08:43.098  INFO [customer,,] 8432 --- [DiscoveryClient-InstanceInfoReplicator-0] com.netflix.discovery.DiscoveryClient    : DiscoveryClient_CUSTOMER/MDB22LT465.mavericsystems.lan:customer:8070: registering service...
2022-02-28 07:08:43.175  INFO [customer,,] 8432 --- [restartedMain] o.s.b.w.embedded.tomcat.TomcatWebServer  : Tomcat started on port(s): 8070 (http) with context path ''
2022-02-28 07:08:43.177  INFO [customer,,] 8432 --- [restartedMain] .s.c.n.e.s.EurekaAutoServiceRegistration : Updating port to 8070
2022-02-28 07:08:43.210  INFO [customer,,] 8432 --- [DiscoveryClient-InstanceInfoReplicator-0] com.netflix.discovery.DiscoveryClient    : DiscoveryClient_CUSTOMER/MDB22LT465.mavericsystems.lan:customer:8070 - registration status: 204
2022-02-28 07:08:44.278  INFO [customer,,] 8432 --- [restartedMain] c.m.customer.CustomerApplication         : Started CustomerApplication in 31.287 seconds (JVM running for 34.081)
2022-02-28 07:13:41.834  INFO [customer,,] 8432 --- [AsyncResolver-bootstrap-executor-0] c.n.d.s.r.aws.ConfigClusterResolver      : Resolving eureka endpoints via configuration
2022-02-28 07:18:41.874  INFO [customer,,] 8432 --- [AsyncResolver-bootstrap-executor-0] c.n.d.s.r.aws.ConfigClusterResolver      : Resolving eureka endpoints via configuration
2022-02-28 07:23:41.884  INFO [customer,,] 8432 --- [AsyncResolver-bootstrap-executor-0] c.n.d.s.r.aws.ConfigClusterResolver      : Resolving eureka endpoints via configuration
2022-02-28 07:26:25.397  INFO [customer,a0a6dcb10783791c,a0a6dcb10783791c] 8432 --- [http-nio-8070-exec-1] o.a.c.c.C.[Tomcat].[localhost].[/]       : Initializing Spring DispatcherServlet 'dispatcherServlet'
2022-02-28 07:26:25.400  INFO [customer,a0a6dcb10783791c,a0a6dcb10783791c] 8432 --- [http-nio-8070-exec-1] o.s.web.servlet.DispatcherServlet        : Initializing Servlet 'dispatcherServlet'
2022-02-28 07:26:25.635  INFO [customer,a0a6dcb10783791c,a0a6dcb10783791c] 8432 --- [http-nio-8070-exec-1] o.s.web.servlet.DispatcherServlet        : Completed initialization in 234 ms
2022-02-28 07:26:26.515  INFO [customer,a0a6dcb10783791c,a0a6dcb10783791c] 8432 --- [http-nio-8070-exec-1] c.m.customer.aop.CustomerAspect          : Executing controller execution(ResponseEntity com.mavericsystems.customer.controller.CustomerController.addCustomer(RequiredResponse))
2022-02-28 07:26:26.527  INFO [customer,a0a6dcb10783791c,a0a6dcb10783791c] 8432 --- [http-nio-8070-exec-1] c.m.customer.aop.CustomerAspect          : Executing service execution(Customer com.mavericsystems.customer.service.CustomerServiceImpl.customerPresent(Integer))
2022-02-28 07:26:26.698  INFO [customer,a0a6dcb10783791c,a0a6dcb10783791c] 8432 --- [http-nio-8070-exec-1] org.mongodb.driver.connection            : Opened connection [connectionId{localValue:3, serverValue:76}] to localhost:27017
2022-02-28 07:26:26.768  INFO [customer,a0a6dcb10783791c,a0a6dcb10783791c] 8432 --- [http-nio-8070-exec-1] c.m.c.controller.CustomerController      : Controller class
2022-02-28 07:26:26.768  INFO [customer,a0a6dcb10783791c,a0a6dcb10783791c] 8432 --- [http-nio-8070-exec-1] c.m.customer.aop.CustomerAspect          : Executing service execution(RequiredResponse com.mavericsystems.customer.service.CustomerServiceImpl.addCustomer(RequiredResponse))
2022-02-28 07:26:27.102  INFO [customer,a0a6dcb10783791c,74b35b9a72ceb075] 8432 --- [hystrix-HystrixCircuitBreakerFactory-1] c.m.customer.config.FeignClientRetryer   : Feign retry attempt
2022-02-28 07:26:28.135  INFO [customer,a0a6dcb10783791c,db650f0a97f67685] 8432 --- [HystrixTimer-1] c.m.c.feign.HystrixFallBackFactory       : fallback reason was: {}null
2022-02-28 07:26:28.169  INFO [customer,a0a6dcb10783791c,a0a6dcb10783791c] 8432 --- [http-nio-8070-exec-1] c.m.customer.aop.CustomerAspect          : Complete exceution of controller execution(ResponseEntity com.mavericsystems.customer.controller.CustomerController.addCustomer(RequiredResponse))
2022-02-28 07:26:28.273  WARN [customer,a0a6dcb10783791c,a0a6dcb10783791c] 8432 --- [http-nio-8070-exec-1] .m.m.a.ExceptionHandlerExceptionResolver : Resolved [com.mavericsystems.customer.exception.CustomFeignException: account server down]
2022-02-28 07:26:43.054  INFO [customer,e28835cfee3fc415,e28835cfee3fc415] 8432 --- [http-nio-8070-exec-2] c.m.customer.aop.CustomerAspect          : Executing controller execution(ResponseEntity com.mavericsystems.customer.controller.CustomerController.addCustomer(RequiredResponse))
2022-02-28 07:26:43.054  INFO [customer,e28835cfee3fc415,e28835cfee3fc415] 8432 --- [http-nio-8070-exec-2] c.m.customer.aop.CustomerAspect          : Executing service execution(Customer com.mavericsystems.customer.service.CustomerServiceImpl.customerPresent(Integer))
2022-02-28 07:26:43.061  INFO [customer,e28835cfee3fc415,e28835cfee3fc415] 8432 --- [http-nio-8070-exec-2] c.m.c.controller.CustomerController      : Controller class
2022-02-28 07:26:43.062  INFO [customer,e28835cfee3fc415,e28835cfee3fc415] 8432 --- [http-nio-8070-exec-2] c.m.customer.aop.CustomerAspect          : Executing service execution(RequiredResponse com.mavericsystems.customer.service.CustomerServiceImpl.addCustomer(RequiredResponse))
2022-02-28 07:26:43.065  INFO [customer,e28835cfee3fc415,91faffd59d912156] 8432 --- [hystrix-HystrixCircuitBreakerFactory-2] c.m.customer.config.FeignClientRetryer   : Feign retry attempt
2022-02-28 07:26:43.259  INFO [customer,e28835cfee3fc415,e28835cfee3fc415] 8432 --- [http-nio-8070-exec-2] c.m.customer.aop.CustomerAspect          : execution(ResponseEntity com.mavericsystems.customer.controller.CustomerController.addCustomer(RequiredResponse)) returned with value <201 CREATED Created,RequiredResponse(account=Account(accountId=12, customerId=null, accountCreationDate=2022-02-28, accountType=CURRENT, accountBalance=100, isActive=true, lastAmountReceivedDate=2022-02-28T07:26:43.076182700), customer=Customer(id=621c2bdb3f10c636577a7faf, customerCreationDate=2022-02-28, customerFirstName=Vishnu3, customerLastName=Kiz, customerId=null, phoneNumber=9048452639, isActive=true, address=Address(houseName=Kizhakkayil, place=clt2), customerType=INDIVIDUAL, customerInfoEditedDate=2022-02-28T07:26:43.100199600)),[]>
2022-02-28 07:26:43.278  INFO [customer,e28835cfee3fc415,e28835cfee3fc415] 8432 --- [http-nio-8070-exec-2] c.m.customer.aop.CustomerAspect          : Complete exceution of controller execution(ResponseEntity com.mavericsystems.customer.controller.CustomerController.addCustomer(RequiredResponse))
2022-02-28 07:26:43.278  INFO [customer,e28835cfee3fc415,e28835cfee3fc415] 8432 --- [http-nio-8070-exec-2] c.m.customer.aop.CustomerAspect          : Time taken by execution(ResponseEntity com.mavericsystems.customer.controller.CustomerController.addCustomer(RequiredResponse)) is 224 ms
2022-02-28 07:27:25.007  INFO [customer,e6a1cd6fd0b8892f,e6a1cd6fd0b8892f] 8432 --- [http-nio-8070-exec-3] c.m.customer.aop.CustomerAspect          : Executing controller execution(ResponseEntity com.mavericsystems.customer.controller.CustomerController.addCustomer(RequiredResponse))
2022-02-28 07:27:25.008  INFO [customer,e6a1cd6fd0b8892f,e6a1cd6fd0b8892f] 8432 --- [http-nio-8070-exec-3] c.m.customer.aop.CustomerAspect          : Executing service execution(Customer com.mavericsystems.customer.service.CustomerServiceImpl.customerPresent(Integer))
2022-02-28 07:27:25.013  INFO [customer,e6a1cd6fd0b8892f,e6a1cd6fd0b8892f] 8432 --- [http-nio-8070-exec-3] c.m.c.controller.CustomerController      : Controller class
2022-02-28 07:27:25.014  INFO [customer,e6a1cd6fd0b8892f,e6a1cd6fd0b8892f] 8432 --- [http-nio-8070-exec-3] c.m.customer.aop.CustomerAspect          : Executing service execution(RequiredResponse com.mavericsystems.customer.service.CustomerServiceImpl.addCustomer(RequiredResponse))
2022-02-28 07:27:25.015  INFO [customer,e6a1cd6fd0b8892f,bc1868d4b965b6e9] 8432 --- [hystrix-HystrixCircuitBreakerFactory-3] c.m.customer.config.FeignClientRetryer   : Feign retry attempt
2022-02-28 07:27:25.048  INFO [customer,e6a1cd6fd0b8892f,e6a1cd6fd0b8892f] 8432 --- [http-nio-8070-exec-3] c.m.customer.aop.CustomerAspect          : execution(ResponseEntity com.mavericsystems.customer.controller.CustomerController.addCustomer(RequiredResponse)) returned with value <201 CREATED Created,RequiredResponse(account=Account(accountId=13, customerId=51, accountCreationDate=2022-02-28, accountType=CURRENT, accountBalance=100, isActive=true, lastAmountReceivedDate=2022-02-28T07:27:25.024677200), customer=Customer(id=621c2c053f10c636577a7fb0, customerCreationDate=2022-02-28, customerFirstName=Vishnu3, customerLastName=Kiz, customerId=51, phoneNumber=9048452639, isActive=true, address=Address(houseName=Kizhakkayil, place=clt2), customerType=INDIVIDUAL, customerInfoEditedDate=2022-02-28T07:27:25.042677200)),[]>
2022-02-28 07:27:25.048  INFO [customer,e6a1cd6fd0b8892f,e6a1cd6fd0b8892f] 8432 --- [http-nio-8070-exec-3] c.m.customer.aop.CustomerAspect          : Complete exceution of controller execution(ResponseEntity com.mavericsystems.customer.controller.CustomerController.addCustomer(RequiredResponse))
2022-02-28 07:27:25.049  INFO [customer,e6a1cd6fd0b8892f,e6a1cd6fd0b8892f] 8432 --- [http-nio-8070-exec-3] c.m.customer.aop.CustomerAspect          : Time taken by execution(ResponseEntity com.mavericsystems.customer.controller.CustomerController.addCustomer(RequiredResponse)) is 42 ms
2022-02-28 07:28:41.893  INFO [customer,,] 8432 --- [AsyncResolver-bootstrap-executor-0] c.n.d.s.r.aws.ConfigClusterResolver      : Resolving eureka endpoints via configuration
2022-02-28 07:29:39.948  INFO [customer,1dfb8fe34a29da87,1dfb8fe34a29da87] 8432 --- [http-nio-8070-exec-5] c.m.customer.aop.CustomerAspect          : Executing controller execution(ResponseEntity com.mavericsystems.customer.controller.CustomerController.addCustomer(RequiredResponse))
2022-02-28 07:29:39.948  INFO [customer,1dfb8fe34a29da87,1dfb8fe34a29da87] 8432 --- [http-nio-8070-exec-5] c.m.customer.aop.CustomerAspect          : Executing service execution(Customer com.mavericsystems.customer.service.CustomerServiceImpl.customerPresent(Integer))
2022-02-28 07:29:39.988  INFO [customer,1dfb8fe34a29da87,1dfb8fe34a29da87] 8432 --- [http-nio-8070-exec-5] c.m.customer.aop.CustomerAspect          : Complete exceution of controller execution(ResponseEntity com.mavericsystems.customer.controller.CustomerController.addCustomer(RequiredResponse))
2022-02-28 07:29:39.992  WARN [customer,1dfb8fe34a29da87,1dfb8fe34a29da87] 8432 --- [http-nio-8070-exec-5] .m.m.a.ExceptionHandlerExceptionResolver : Resolved [com.mavericsystems.customer.exception.CustomerAlreadyExistException: Customer Already exist : 51]
2022-02-28 07:29:45.420  INFO [customer,d3199a4e3f36d848,d3199a4e3f36d848] 8432 --- [http-nio-8070-exec-6] c.m.customer.aop.CustomerAspect          : Executing controller execution(ResponseEntity com.mavericsystems.customer.controller.CustomerController.addCustomer(RequiredResponse))
2022-02-28 07:29:45.421  INFO [customer,d3199a4e3f36d848,d3199a4e3f36d848] 8432 --- [http-nio-8070-exec-6] c.m.customer.aop.CustomerAspect          : Executing service execution(Customer com.mavericsystems.customer.service.CustomerServiceImpl.customerPresent(Integer))
2022-02-28 07:29:45.425  INFO [customer,d3199a4e3f36d848,d3199a4e3f36d848] 8432 --- [http-nio-8070-exec-6] c.m.c.controller.CustomerController      : Controller class
2022-02-28 07:29:45.426  INFO [customer,d3199a4e3f36d848,d3199a4e3f36d848] 8432 --- [http-nio-8070-exec-6] c.m.customer.aop.CustomerAspect          : Executing service execution(RequiredResponse com.mavericsystems.customer.service.CustomerServiceImpl.addCustomer(RequiredResponse))
2022-02-28 07:29:45.428  INFO [customer,d3199a4e3f36d848,46ab8b0443879930] 8432 --- [hystrix-HystrixCircuitBreakerFactory-4] c.m.customer.config.FeignClientRetryer   : Feign retry attempt
2022-02-28 07:29:45.890  INFO [customer,d3199a4e3f36d848,d3199a4e3f36d848] 8432 --- [http-nio-8070-exec-6] c.m.customer.aop.CustomerAspect          : execution(ResponseEntity com.mavericsystems.customer.controller.CustomerController.addCustomer(RequiredResponse)) returned with value <201 CREATED Created,RequiredResponse(account=Account(accountId=14, customerId=52, accountCreationDate=2022-02-28, accountType=CURRENT, accountBalance=100, isActive=true, lastAmountReceivedDate=2022-02-28T07:29:45.671111900), customer=Customer(id=621c2c913f10c636577a7fb1, customerCreationDate=2022-02-28, customerFirstName=Vishnu3, customerLastName=Kiz, customerId=52, phoneNumber=9048452639, isActive=true, address=Address(houseName=Kizhakkayil, place=clt2), customerType=INDIVIDUAL, customerInfoEditedDate=2022-02-28T07:29:45.883651800)),[]>
2022-02-28 07:29:45.891  INFO [customer,d3199a4e3f36d848,d3199a4e3f36d848] 8432 --- [http-nio-8070-exec-6] c.m.customer.aop.CustomerAspect          : Complete exceution of controller execution(ResponseEntity com.mavericsystems.customer.controller.CustomerController.addCustomer(RequiredResponse))
2022-02-28 07:29:45.891  INFO [customer,d3199a4e3f36d848,d3199a4e3f36d848] 8432 --- [http-nio-8070-exec-6] c.m.customer.aop.CustomerAspect          : Time taken by execution(ResponseEntity com.mavericsystems.customer.controller.CustomerController.addCustomer(RequiredResponse)) is 471 ms
2022-02-28 07:32:08.461  INFO [customer,b3a8269e7e947e71,b3a8269e7e947e71] 8432 --- [http-nio-8070-exec-8] c.m.customer.aop.CustomerAspect          : Executing controller execution(ResponseEntity com.mavericsystems.customer.controller.CustomerController.getAllDataByCustomerId(Integer))
2022-02-28 07:32:08.465  INFO [customer,b3a8269e7e947e71,b3a8269e7e947e71] 8432 --- [http-nio-8070-exec-8] c.m.customer.aop.CustomerAspect          : Executing service execution(Boolean com.mavericsystems.customer.service.CustomerServiceImpl.customerIsActive(Integer))
2022-02-28 07:32:08.473  INFO [customer,b3a8269e7e947e71,b3a8269e7e947e71] 8432 --- [http-nio-8070-exec-8] c.m.customer.aop.CustomerAspect          : Executing service execution(CustomerAllData com.mavericsystems.customer.service.CustomerServiceImpl.getAllDataByCustomerId(Integer))
2022-02-28 07:32:08.493  INFO [customer,b3a8269e7e947e71,2043de13e8c148b3] 8432 --- [hystrix-HystrixCircuitBreakerFactory-5] c.m.customer.config.FeignClientRetryer   : Feign retry attempt
2022-02-28 07:32:08.692  INFO [customer,b3a8269e7e947e71,b3a8269e7e947e71] 8432 --- [http-nio-8070-exec-8] c.m.customer.aop.CustomerAspect          : execution(ResponseEntity com.mavericsystems.customer.controller.CustomerController.getAllDataByCustomerId(Integer)) returned with value <302 FOUND Found,CustomerAllData(accountList=[Account(accountId=13, customerId=51, accountCreationDate=2022-02-28, accountType=CURRENT, accountBalance=100, isActive=true, lastAmountReceivedDate=2022-02-28T07:27:25)], customer=Customer(id=621c2c053f10c636577a7fb0, customerCreationDate=2022-02-28, customerFirstName=Vishnu3, customerLastName=Kiz, customerId=51, phoneNumber=9048452639, isActive=true, address=Address(houseName=Kizhakkayil, place=clt2), customerType=INDIVIDUAL, customerInfoEditedDate=2022-02-28T07:27:25.042)),[]>
2022-02-28 07:32:08.694  INFO [customer,b3a8269e7e947e71,b3a8269e7e947e71] 8432 --- [http-nio-8070-exec-8] c.m.customer.aop.CustomerAspect          : Complete exceution of controller execution(ResponseEntity com.mavericsystems.customer.controller.CustomerController.getAllDataByCustomerId(Integer))
2022-02-28 07:32:08.694  INFO [customer,b3a8269e7e947e71,b3a8269e7e947e71] 8432 --- [http-nio-8070-exec-8] c.m.customer.aop.CustomerAspect          : Time taken by execution(ResponseEntity com.mavericsystems.customer.controller.CustomerController.getAllDataByCustomerId(Integer)) is 233 ms
2022-02-28 07:33:41.911  INFO [customer,,] 8432 --- [AsyncResolver-bootstrap-executor-0] c.n.d.s.r.aws.ConfigClusterResolver      : Resolving eureka endpoints via configuration
2022-02-28 07:36:01.485  INFO [customer,a578685992c58835,a578685992c58835] 8432 --- [http-nio-8070-exec-10] c.m.customer.aop.CustomerAspect          : Executing controller execution(ResponseEntity com.mavericsystems.customer.controller.CustomerController.getAllDataByCustomerId(Integer))
2022-02-28 07:36:01.486  INFO [customer,a578685992c58835,a578685992c58835] 8432 --- [http-nio-8070-exec-10] c.m.customer.aop.CustomerAspect          : Executing service execution(Boolean com.mavericsystems.customer.service.CustomerServiceImpl.customerIsActive(Integer))
2022-02-28 07:36:01.490  INFO [customer,a578685992c58835,a578685992c58835] 8432 --- [http-nio-8070-exec-10] c.m.customer.aop.CustomerAspect          : Executing service execution(CustomerAllData com.mavericsystems.customer.service.CustomerServiceImpl.getAllDataByCustomerId(Integer))
2022-02-28 07:36:01.497  INFO [customer,a578685992c58835,7feffffa40f16069] 8432 --- [hystrix-HystrixCircuitBreakerFactory-6] c.m.customer.config.FeignClientRetryer   : Feign retry attempt
2022-02-28 07:36:01.522  INFO [customer,a578685992c58835,a578685992c58835] 8432 --- [http-nio-8070-exec-10] c.m.customer.aop.CustomerAspect          : execution(ResponseEntity com.mavericsystems.customer.controller.CustomerController.getAllDataByCustomerId(Integer)) returned with value <302 FOUND Found,CustomerAllData(accountList=[Account(accountId=13, customerId=51, accountCreationDate=2022-02-28, accountType=CURRENT, accountBalance=100, isActive=true, lastAmountReceivedDate=2022-02-28T07:27:25)], customer=Customer(id=621c2c053f10c636577a7fb0, customerCreationDate=2022-02-28, customerFirstName=Vishnu3, customerLastName=Kiz, customerId=51, phoneNumber=9048452639, isActive=true, address=Address(houseName=Kizhakkayil, place=clt2), customerType=INDIVIDUAL, customerInfoEditedDate=2022-02-28T07:27:25.042)),[]>
2022-02-28 07:36:01.523  INFO [customer,a578685992c58835,a578685992c58835] 8432 --- [http-nio-8070-exec-10] c.m.customer.aop.CustomerAspect          : Complete exceution of controller execution(ResponseEntity com.mavericsystems.customer.controller.CustomerController.getAllDataByCustomerId(Integer))
2022-02-28 07:36:01.523  INFO [customer,a578685992c58835,a578685992c58835] 8432 --- [http-nio-8070-exec-10] c.m.customer.aop.CustomerAspect          : Time taken by execution(ResponseEntity com.mavericsystems.customer.controller.CustomerController.getAllDataByCustomerId(Integer)) is 38 ms
2022-02-28 07:36:28.058  INFO [customer,a65a908cae2377e2,a65a908cae2377e2] 8432 --- [http-nio-8070-exec-1] c.m.customer.aop.CustomerAspect          : Executing controller execution(ResponseEntity com.mavericsystems.customer.controller.CustomerController.getAllDataByCustomerId(Integer))
2022-02-28 07:36:28.058  INFO [customer,a65a908cae2377e2,a65a908cae2377e2] 8432 --- [http-nio-8070-exec-1] c.m.customer.aop.CustomerAspect          : Executing service execution(Boolean com.mavericsystems.customer.service.CustomerServiceImpl.customerIsActive(Integer))
2022-02-28 07:36:28.061  INFO [customer,a65a908cae2377e2,a65a908cae2377e2] 8432 --- [http-nio-8070-exec-1] c.m.customer.aop.CustomerAspect          : Executing service execution(CustomerAllData com.mavericsystems.customer.service.CustomerServiceImpl.getAllDataByCustomerId(Integer))
2022-02-28 07:36:28.067  INFO [customer,a65a908cae2377e2,ac61768de0627457] 8432 --- [hystrix-HystrixCircuitBreakerFactory-7] c.m.customer.config.FeignClientRetryer   : Feign retry attempt
2022-02-28 07:36:28.082  INFO [customer,a65a908cae2377e2,a65a908cae2377e2] 8432 --- [http-nio-8070-exec-1] c.m.customer.aop.CustomerAspect          : execution(ResponseEntity com.mavericsystems.customer.controller.CustomerController.getAllDataByCustomerId(Integer)) returned with value <302 FOUND Found,CustomerAllData(accountList=[Account(accountId=13, customerId=51, accountCreationDate=2022-02-28, accountType=CURRENT, accountBalance=100, isActive=true, lastAmountReceivedDate=2022-02-28T07:27:25)], customer=Customer(id=621c2c053f10c636577a7fb0, customerCreationDate=2022-02-28, customerFirstName=Vishnu3, customerLastName=Kiz, customerId=51, phoneNumber=9048452639, isActive=true, address=Address(houseName=Kizhakkayil, place=clt2), customerType=INDIVIDUAL, customerInfoEditedDate=2022-02-28T07:27:25.042)),[]>
2022-02-28 07:36:28.083  INFO [customer,a65a908cae2377e2,a65a908cae2377e2] 8432 --- [http-nio-8070-exec-1] c.m.customer.aop.CustomerAspect          : Complete exceution of controller execution(ResponseEntity com.mavericsystems.customer.controller.CustomerController.getAllDataByCustomerId(Integer))
2022-02-28 07:36:28.083  INFO [customer,a65a908cae2377e2,a65a908cae2377e2] 8432 --- [http-nio-8070-exec-1] c.m.customer.aop.CustomerAspect          : Time taken by execution(ResponseEntity com.mavericsystems.customer.controller.CustomerController.getAllDataByCustomerId(Integer)) is 25 ms
2022-02-28 07:36:35.421  INFO [customer,3d473cf9815143ce,3d473cf9815143ce] 8432 --- [http-nio-8070-exec-2] c.m.customer.aop.CustomerAspect          : Executing controller execution(ResponseEntity com.mavericsystems.customer.controller.CustomerController.getAllDataByCustomerId(Integer))
2022-02-28 07:36:35.427  INFO [customer,3d473cf9815143ce,3d473cf9815143ce] 8432 --- [http-nio-8070-exec-2] c.m.customer.aop.CustomerAspect          : Executing service execution(Boolean com.mavericsystems.customer.service.CustomerServiceImpl.customerIsActive(Integer))
2022-02-28 07:36:35.440  INFO [customer,3d473cf9815143ce,3d473cf9815143ce] 8432 --- [http-nio-8070-exec-2] c.m.customer.aop.CustomerAspect          : Executing service execution(CustomerAllData com.mavericsystems.customer.service.CustomerServiceImpl.getAllDataByCustomerId(Integer))
2022-02-28 07:36:35.450  INFO [customer,3d473cf9815143ce,427fade3a2d29a4e] 8432 --- [hystrix-HystrixCircuitBreakerFactory-8] c.m.customer.config.FeignClientRetryer   : Feign retry attempt
2022-02-28 07:36:35.475  INFO [customer,3d473cf9815143ce,3d473cf9815143ce] 8432 --- [http-nio-8070-exec-2] c.m.customer.aop.CustomerAspect          : execution(ResponseEntity com.mavericsystems.customer.controller.CustomerController.getAllDataByCustomerId(Integer)) returned with value <302 FOUND Found,CustomerAllData(accountList=[Account(accountId=13, customerId=51, accountCreationDate=2022-02-28, accountType=CURRENT, accountBalance=100, isActive=true, lastAmountReceivedDate=2022-02-28T07:27:25)], customer=Customer(id=621c2c053f10c636577a7fb0, customerCreationDate=2022-02-28, customerFirstName=Vishnu3, customerLastName=Kiz, customerId=51, phoneNumber=9048452639, isActive=true, address=Address(houseName=Kizhakkayil, place=clt2), customerType=INDIVIDUAL, customerInfoEditedDate=2022-02-28T07:27:25.042)),[]>
2022-02-28 07:36:35.476  INFO [customer,3d473cf9815143ce,3d473cf9815143ce] 8432 --- [http-nio-8070-exec-2] c.m.customer.aop.CustomerAspect          : Complete exceution of controller execution(ResponseEntity com.mavericsystems.customer.controller.CustomerController.getAllDataByCustomerId(Integer))
2022-02-28 07:36:35.476  INFO [customer,3d473cf9815143ce,3d473cf9815143ce] 8432 --- [http-nio-8070-exec-2] c.m.customer.aop.CustomerAspect          : Time taken by execution(ResponseEntity com.mavericsystems.customer.controller.CustomerController.getAllDataByCustomerId(Integer)) is 55 ms
2022-02-28 07:38:41.921  INFO [customer,,] 8432 --- [AsyncResolver-bootstrap-executor-0] c.n.d.s.r.aws.ConfigClusterResolver      : Resolving eureka endpoints via configuration
2022-02-28 07:43:41.926  INFO [customer,,] 8432 --- [AsyncResolver-bootstrap-executor-0] c.n.d.s.r.aws.ConfigClusterResolver      : Resolving eureka endpoints via configuration
2022-02-28 07:46:12.106  INFO [customer,,] 8432 --- [Thread-5] o.s.c.s.a.z.ZipkinAutoConfiguration      : Flushing remaining spans on shutdown
2022-02-28 07:46:12.227  INFO [customer,,] 8432 --- [SpringApplicationShutdownHook] o.s.c.n.e.s.EurekaServiceRegistry        : Unregistering application CUSTOMER with eureka with status DOWN
2022-02-28 07:46:12.228  INFO [customer,,] 8432 --- [SpringApplicationShutdownHook] com.netflix.discovery.DiscoveryClient    : Saw local status change event StatusChangeEvent [timestamp=1646014572228, current=DOWN, previous=UP]
2022-02-28 07:46:12.228  INFO [customer,,] 8432 --- [DiscoveryClient-InstanceInfoReplicator-0] com.netflix.discovery.DiscoveryClient    : DiscoveryClient_CUSTOMER/MDB22LT465.mavericsystems.lan:customer:8070: registering service...
2022-02-28 07:46:12.339  INFO [customer,,] 8432 --- [DiscoveryClient-InstanceInfoReplicator-0] com.netflix.discovery.DiscoveryClient    : DiscoveryClient_CUSTOMER/MDB22LT465.mavericsystems.lan:customer:8070 - registration status: 204
2022-02-28 07:46:13.865  INFO [customer,,] 8432 --- [SpringApplicationShutdownHook] com.netflix.discovery.DiscoveryClient    : Shutting down DiscoveryClient ...
2022-02-28 07:46:16.879  WARN [customer,,] 8432 --- [DiscoveryClient-1] c.netflix.discovery.TimedSupervisorTask  : task supervisor shutting down, can't accept the task
2022-02-28 07:46:16.890  INFO [customer,,] 8432 --- [SpringApplicationShutdownHook] com.netflix.discovery.DiscoveryClient    : Unregistering ...
2022-02-28 07:46:16.911  INFO [customer,,] 8432 --- [SpringApplicationShutdownHook] com.netflix.discovery.DiscoveryClient    : DiscoveryClient_CUSTOMER/MDB22LT465.mavericsystems.lan:customer:8070 - deregister  status: 200
2022-02-28 07:46:16.926  INFO [customer,,] 8432 --- [SpringApplicationShutdownHook] com.netflix.discovery.DiscoveryClient    : Completed shut down of DiscoveryClient
